<?xml version="1.0" encoding="UTF-8"?>
<!-- Generated by org.testng.reporters.JUnitXMLReporter -->
<testsuite ignored="0" hostname="DESKTOP-2PEO3G6" failures="0" tests="6" name="Test 1" time="45.139" errors="0" timestamp="2022-07-26T11:55:58 PDT">
  <testcase classname="com.selenium.testCases.TC_LoginTest_001" name="loginTest" time="2.259"/>
  <testcase classname="com.selenium.testCases.TC_LoginDDT_002" name="loginDDT" time="2.214"/>
  <testcase classname="com.selenium.testCases.TC_LoginDDT_002" name="loginDDT" time="2.025"/>
  <testcase classname="com.selenium.testCases.TC_LoginDDT_002" name="loginDDT" time="2.634"/>
  <testcase classname="com.selenium.testCases.TC_LoginDDT_002" name="loginDDT" time="1.926"/>
  <testcase classname="com.selenium.testCases.TC_LoginDDT_002" name="loginDDT" time="2.017"/>
</testsuite> <!-- Test 1 -->
