<?xml version="1.0" encoding="UTF-8"?>
<testng-results ignored="0" total="1" passed="1" failed="0" skipped="0">
  <reporter-output>
  </reporter-output>
  <suite started-at="2022-07-26T11:59:34 PDT" name="Selenium framework" finished-at="2022-07-26T11:59:44 PDT" duration-ms="10501">
    <groups>
    </groups>
    <test started-at="2022-07-26T11:59:34 PDT" name="Test 1" finished-at="2022-07-26T11:59:44 PDT" duration-ms="10501">
      <class name="com.selenium.testCases.TC_LoginTest_001">
        <test-method is-config="true" signature="setup(java.lang.String)[pri:0, instance:com.selenium.testCases.TC_LoginTest_001@1b2abca6]" started-at="2022-07-26T11:59:34 PDT" name="setup" finished-at="2022-07-26T11:59:42 PDT" duration-ms="8403" status="PASS">
          <params>
            <param index="0">
              <value>
                <![CDATA[chrome]]>
              </value>
            </param>
          </params>
          <reporter-output>
          </reporter-output>
        </test-method> <!-- setup -->
        <test-method signature="loginTest()[pri:0, instance:com.selenium.testCases.TC_LoginTest_001@1b2abca6]" started-at="2022-07-26T11:59:42 PDT" name="loginTest" finished-at="2022-07-26T11:59:43 PDT" duration-ms="1280" status="PASS">
          <reporter-output>
          </reporter-output>
        </test-method> <!-- loginTest -->
        <test-method is-config="true" signature="closeBrowser()[pri:0, instance:com.selenium.testCases.TC_LoginTest_001@1b2abca6]" started-at="2022-07-26T11:59:43 PDT" name="closeBrowser" finished-at="2022-07-26T11:59:44 PDT" duration-ms="680" status="PASS">
          <reporter-output>
          </reporter-output>
        </test-method> <!-- closeBrowser -->
      </class> <!-- com.selenium.testCases.TC_LoginTest_001 -->
    </test> <!-- Test 1 -->
  </suite> <!-- Selenium framework -->
</testng-results>
